<?xml version="1.0" encoding="UTF-8"?>
<!-- Generated by org.testng.reporters.JUnitXMLReporter -->
<testsuite hostname="abc" name="ProfileTab test with anonymous" tests="10" failures="0" timestamp="26 Jun 2017 11:52:14 GMT" time="19.867" errors="0">
  <testcase name="profileTabUIVerification" time="15.425" classname="tests.ProfileTabAnonymousTest"/>
  <testcase name="profileNameVerification" time="0.101" classname="tests.ProfileTabAnonymousTest"/>
  <testcase name="verifyBadgeMouseHoverCSS" time="1.403" classname="tests.ProfileTabAnonymousTest"/>
  <testcase name="verifyBadge" time="0.333" classname="tests.ProfileTabAnonymousTest"/>
  <testcase name="verifyOpenBadgeIsCorrect" time="0.592" classname="tests.ProfileTabAnonymousTest"/>
  <testcase name="verifyMyFeed" time="0.287" classname="tests.ProfileTabAnonymousTest"/>
  <testcase name="verifyMyFeedActivities" time="0.695" classname="tests.ProfileTabAnonymousTest"/>
  <testcase name="verifyProfileDetailsTab" time="0.089" classname="tests.ProfileTabAnonymousTest"/>
  <testcase name="verifyProfileInbox" time="0.706" classname="tests.ProfileTabAnonymousTest"/>
  <testcase name="verifyExitBtn" time="0.13" classname="tests.ProfileTabAnonymousTest"/>
</testsuite> <!-- ProfileTab test with anonymous -->
