<?xml version="1.0" encoding="UTF-8"?>
<!-- Generated by org.testng.reporters.JUnitXMLReporter -->
<testsuite hostname="abc" name="ProfileTab test with bnaya" tests="6" failures="0" timestamp="26 Jun 2017 11:52:34 GMT" time="19.99" errors="0">
  <testcase name="profileTabUIVerification" time="16.492" classname="tests.ProfileTabAnonymousTest"/>
  <testcase name="profileNameVerification" time="0.08" classname="tests.ProfileTabAnonymousTest"/>
  <testcase name="verifyBadge" time="1.866" classname="tests.ProfileTabAnonymousTest"/>
  <testcase name="verifyOpenBadgeIsCorrect" time="0.588" classname="tests.ProfileTabAnonymousTest"/>
  <testcase name="verifyMyFeed" time="0.75" classname="tests.ProfileTabAnonymousTest"/>
  <testcase name="verifyExitBtn" time="0.12" classname="tests.ProfileTabAnonymousTest"/>
</testsuite> <!-- ProfileTab test with bnaya -->
