<?xml version="1.0" encoding="UTF-8"?>
<testng-results skipped="0" failed="0" total="1" passed="1">
  <reporter-output>
  </reporter-output>
  <suite name="Default suite" duration-ms="40137" started-at="2017-07-07T16:56:59Z" finished-at="2017-07-07T16:57:40Z">
    <groups>
    </groups>
    <test name="Default test" duration-ms="40137" started-at="2017-07-07T16:56:59Z" finished-at="2017-07-07T16:57:40Z">
      <class name="tests.LoginTest">
        <test-method status="PASS" signature="LoginApplication()[pri:0, instance:tests.LoginTest@cb644e]" name="LoginApplication" duration-ms="37842" started-at="2017-07-07T22:26:59Z" finished-at="2017-07-07T22:27:37Z">
          <reporter-output>
          </reporter-output>
        </test-method> <!-- LoginApplication -->
        <test-method status="PASS" signature="closeBrowser()[pri:0, instance:tests.LoginTest@cb644e]" name="closeBrowser" is-config="true" duration-ms="2275" started-at="2017-07-07T22:27:37Z" finished-at="2017-07-07T22:27:40Z">
          <reporter-output>
          </reporter-output>
        </test-method> <!-- closeBrowser -->
      </class> <!-- tests.LoginTest -->
    </test> <!-- Default test -->
  </suite> <!-- Default suite -->
</testng-results>
