<?xml version="1.0" encoding="UTF-8"?>
<testng-results skipped="0" failed="0" total="1" passed="1">
  <reporter-output>
  </reporter-output>
  <suite name="Default suite" duration-ms="51281" started-at="2017-07-16T03:58:44Z" finished-at="2017-07-16T03:59:35Z">
    <groups>
    </groups>
    <test name="Default test" duration-ms="51281" started-at="2017-07-16T03:58:44Z" finished-at="2017-07-16T03:59:35Z">
      <class name="tests.orderbook.BalancesTest">
        <test-method status="PASS" signature="CheckAllBalances()[pri:0, instance:tests.orderbook.BalancesTest@cb644e]" name="CheckAllBalances" duration-ms="48838" started-at="2017-07-16T09:28:44Z" finished-at="2017-07-16T09:29:32Z">
          <reporter-output>
          </reporter-output>
        </test-method> <!-- CheckAllBalances -->
        <test-method status="PASS" signature="closeBrowser()[pri:0, instance:tests.orderbook.BalancesTest@cb644e]" name="closeBrowser" is-config="true" duration-ms="2381" started-at="2017-07-16T09:29:32Z" finished-at="2017-07-16T09:29:35Z">
          <reporter-output>
          </reporter-output>
        </test-method> <!-- closeBrowser -->
      </class> <!-- tests.orderbook.BalancesTest -->
    </test> <!-- Default test -->
  </suite> <!-- Default suite -->
</testng-results>
